0 info it worked if it ends with ok
1 verbose cli [ '/usr/local/bin/node',
1 verbose cli   '/Users/kevinfarst/.npm-packages/bin/npm',
1 verbose cli   'start' ]
2 info using npm@3.9.3
3 info using node@v4.4.0
4 verbose run-script [ 'prestart', 'start', 'poststart' ]
5 info lifecycle angular2-rottentomatoes@1.0.0~prestart: angular2-rottentomatoes@1.0.0
6 silly lifecycle angular2-rottentomatoes@1.0.0~prestart: no script for prestart, continuing
7 info lifecycle angular2-rottentomatoes@1.0.0~start: angular2-rottentomatoes@1.0.0
8 verbose lifecycle angular2-rottentomatoes@1.0.0~start: unsafe-perm in lifecycle true
9 verbose lifecycle angular2-rottentomatoes@1.0.0~start: PATH: /Users/kevinfarst/.npm-packages/lib/node_modules/npm/bin/node-gyp-bin:/Users/kevinfarst/projects/angular2-upgrade-adapter-example/node_modules/.bin:/usr/local/bin:/Users/kevinfarst/.rvm/gems/ruby-2.2.1/bin:/Users/kevinfarst/.rvm/gems/ruby-2.2.1@global/bin:/Users/kevinfarst/.rvm/rubies/ruby-2.2.1/bin:/Users/kevinfarst/.rbenv/shims:/Users/kevinfarst/.npm-packages/bin:/usr/local/heroku/bin:/usr/local/bin:/usr/local/sbin:/Users/kevinfarst/bin:/Users/kevinfarst/.jenv/shims:/Users/kevinfarst/.jenv/bin:/usr/local/heroku/bin:/usr/local/bin:/usr/local/sbin:/Users/kevinfarst/bin:/usr/local/bin:/usr/bin:/bin:/usr/sbin:/sbin:/usr/local/share/npm/bin:/Users/kevinfarst/.rvm/bin:/usr/local/opt/android-sdk/tools:/usr/local/opt/android-sdk/platform-tools:/usr/local/share/npm/bin:/Users/kevinfarst/.rvm/bin
10 verbose lifecycle angular2-rottentomatoes@1.0.0~start: CWD: /Users/kevinfarst/projects/angular2-upgrade-adapter-example
11 silly lifecycle angular2-rottentomatoes@1.0.0~start: Args: [ '-c', 'tsc && concurrently "npm run tsc:w" "npm run lite" ' ]
12 silly lifecycle angular2-rottentomatoes@1.0.0~start: Returned: code: 2  signal: null
13 info lifecycle angular2-rottentomatoes@1.0.0~start: Failed to exec start script
14 verbose stack Error: angular2-rottentomatoes@1.0.0 start: `tsc && concurrently "npm run tsc:w" "npm run lite" `
14 verbose stack Exit status 2
14 verbose stack     at EventEmitter.<anonymous> (/Users/kevinfarst/.npm-packages/lib/node_modules/npm/lib/utils/lifecycle.js:245:16)
14 verbose stack     at emitTwo (events.js:87:13)
14 verbose stack     at EventEmitter.emit (events.js:172:7)
14 verbose stack     at ChildProcess.<anonymous> (/Users/kevinfarst/.npm-packages/lib/node_modules/npm/lib/utils/spawn.js:24:14)
14 verbose stack     at emitTwo (events.js:87:13)
14 verbose stack     at ChildProcess.emit (events.js:172:7)
14 verbose stack     at maybeClose (internal/child_process.js:827:16)
14 verbose stack     at Process.ChildProcess._handle.onexit (internal/child_process.js:211:5)
15 verbose pkgid angular2-rottentomatoes@1.0.0
16 verbose cwd /Users/kevinfarst/projects/angular2-upgrade-adapter-example
17 error Darwin 15.6.0
18 error argv "/usr/local/bin/node" "/Users/kevinfarst/.npm-packages/bin/npm" "start"
19 error node v4.4.0
20 error npm  v3.9.3
21 error code ELIFECYCLE
22 error angular2-rottentomatoes@1.0.0 start: `tsc && concurrently "npm run tsc:w" "npm run lite" `
22 error Exit status 2
23 error Failed at the angular2-rottentomatoes@1.0.0 start script 'tsc && concurrently "npm run tsc:w" "npm run lite" '.
23 error Make sure you have the latest version of node.js and npm installed.
23 error If you do, this is most likely a problem with the angular2-rottentomatoes package,
23 error not with npm itself.
23 error Tell the author that this fails on your system:
23 error     tsc && concurrently "npm run tsc:w" "npm run lite"
23 error You can get information on how to open an issue for this project with:
23 error     npm bugs angular2-rottentomatoes
23 error Or if that isn't available, you can get their info via:
23 error     npm owner ls angular2-rottentomatoes
23 error There is likely additional logging output above.
24 verbose exit [ 1, true ]
